<?xml version="1.0" encoding="UTF-8"?>
<testsuite name="TwoferTest" tests="4" skipped="0" failures="0" errors="0" timestamp="2022-05-20T03:56:39" hostname="Zayds-MacBook-Pro.local" time="0.042">
  <properties/>
  <testcase name="noNameGiven" classname="TwoferTest" time="0.036"/>
  <testcase name="emptyStringIsNotTheSameAsNull" classname="TwoferTest" time="0.004"/>
  <testcase name="aNameGiven" classname="TwoferTest" time="0.0"/>
  <testcase name="anotherNameGiven" classname="TwoferTest" time="0.0"/>
  <system-out><![CDATA[]]></system-out>
  <system-err><![CDATA[]]></system-err>
</testsuite>
